<?xml version="1.0" encoding="UTF-8"?>
<!-- Generated by org.testng.reporters.JUnitReportReporter -->
<testsuite hostname="desl-P30F5" name="site.ycsb.workloads.TestCoreWorkload" tests="2" failures="0" timestamp="18 Jul 2020 08:04:23 GMT" time="0.002" errors="0">
  <testcase name="createOperationChooserNullProperties" time="0.000" classname="site.ycsb.workloads.TestCoreWorkload"/>
  <testcase name="createOperationChooser" time="0.002" classname="site.ycsb.workloads.TestCoreWorkload"/>
</testsuite>
