<?xml version="1.0" encoding="UTF-8"?>
<!-- Generated by org.testng.reporters.JUnitReportReporter -->
<testsuite hostname="desl-P30F5" name="site.ycsb.measurements.exporter.TestMeasurementsExporter" tests="1" failures="0" timestamp="18 Jul 2020 08:04:23 GMT" time="0.105" errors="0">
  <testcase name="testJSONArrayMeasurementsExporter" time="0.105" classname="site.ycsb.measurements.exporter.TestMeasurementsExporter"/>
</testsuite>
