<?xml version="1.0" encoding="UTF-8"?>
<!-- Generated by org.testng.reporters.JUnitReportReporter -->
<testsuite hostname="desl-P30F5" name="site.ycsb.generator.AcknowledgedCounterGeneratorTest" tests="1" failures="0" timestamp="18 Jul 2020 08:04:23 GMT" time="0.345" errors="0">
  <testcase name="testIncrementPastIntegerMaxValue" time="0.345" classname="site.ycsb.generator.AcknowledgedCounterGeneratorTest"/>
</testsuite>
