<?xml version="1.0" encoding="UTF-8"?>
<!-- Generated by org.testng.reporters.JUnitReportReporter -->
<testsuite hostname="desl-P30F5" name="site.ycsb.generator.TestZipfianGenerator" tests="1" failures="0" timestamp="18 Jul 2020 08:04:23 GMT" time="0.004" errors="0">
  <testcase name="testMinAndMaxParameter" time="0.004" classname="site.ycsb.generator.TestZipfianGenerator"/>
</testsuite>
