<?xml version="1.0" encoding="UTF-8"?>
<!-- Generated by org.testng.reporters.JUnitReportReporter -->
<testsuite hostname="desl-P30F5" name="site.ycsb.generator.TestUnixEpochTimestampGenerator" tests="4" failures="0" timestamp="18 Jul 2020 08:04:23 GMT" time="0.000" errors="0">
  <testcase name="ctorWithIntervalAndUnits" time="0.000" classname="site.ycsb.generator.TestUnixEpochTimestampGenerator"/>
  <testcase name="variousIntervalsAndUnits" time="0.000" classname="site.ycsb.generator.TestUnixEpochTimestampGenerator"/>
  <testcase name="ctorWithIntervalAndUnitsAndStart" time="0.000" classname="site.ycsb.generator.TestUnixEpochTimestampGenerator"/>
  <testcase name="defaultCtor" time="0.000" classname="site.ycsb.generator.TestUnixEpochTimestampGenerator"/>
</testsuite>
